<?xml version="1.0" encoding="UTF-8"?>
<!-- Generated by org.testng.reporters.JUnitReportReporter -->
<testsuite skipped="0" hostname="madhusandeep" name="com.googletest.testcases.GoogleSearchTest" tests="4" failures="0" timestamp="28 Jun 2019 16:45:02 GMT" time="66.781" errors="0">
  <testcase name="verifyHomepageTitle" time="11.070" classname="com.googletest.testcases.GoogleSearchTest"/>
  <testcase name="googleTestSearch" time="16.694" classname="com.googletest.testcases.GoogleSearchTest"/>
  <testcase name="googleTestSearchSpecialCharacter" time="22.293" classname="com.googletest.testcases.GoogleSearchTest"/>
  <testcase name="googleRelativeTestSearch" time="16.724" classname="com.googletest.testcases.GoogleSearchTest"/>
</testsuite> <!-- com.googletest.testcases.GoogleSearchTest -->
