<?xml version="1.0" encoding="UTF-8"?>
<!-- Generated by org.testng.reporters.JUnitReportReporter -->
<testsuite skipped="0" hostname="madhusandeep" name="com.googletest.testcases.firsttestngfile" tests="4" failures="0" timestamp="28 Jun 2019 16:27:22 GMT" time="59.568" errors="0">
  <testcase name="verifyHomepageTitle" time="9.323" classname="com.googletest.testcases.firsttestngfile"/>
  <testcase name="googleTestSearch" time="17.168" classname="com.googletest.testcases.firsttestngfile"/>
  <testcase name="googleTestSearchSpecialCharacter" time="18.937" classname="com.googletest.testcases.firsttestngfile"/>
  <testcase name="googleRelativeTestSearch" time="14.140" classname="com.googletest.testcases.firsttestngfile"/>
</testsuite> <!-- com.googletest.testcases.firsttestngfile -->
